<?xml version="1.0" encoding="UTF-8"?>
<!-- Generated by org.testng.reporters.JUnitXMLReporter -->
<testsuite ignored="1" hostname="DESKTOP-GTM5910" failures="0" tests="4" name="Default test" time="0.951" errors="0" timestamp="2024-01-19T21:35:09 IST">
  <testcase classname="test.RS_Sample" name="datatest" time="0.016"/>
  <testcase classname="test.RS_Sample" name="datatest" time="0.004"/>
  <testcase classname="test.RS_Sample" name="testB" time="0.002"/>
  <testcase classname="test.RS_Sample" name="testC" time="0.002"/>
  <testcase classname="test.RS_Sample" name="testA" time="0.0">
    <ignored/>
  </testcase> <!-- testA -->
</testsuite> <!-- Default test -->
