<?xml version="1.0" encoding="UTF-8"?>
<!-- Generated by org.testng.reporters.JUnitXMLReporter -->
<testsuite ignored="1" hostname="DESKTOP-GTM5910" failures="0" tests="7" name="RegressionTest" time="9.025" errors="0" timestamp="2024-01-19T19:56:51 IST">
  <testcase classname="test.RS_Sample" name="datatest" time="0.015"/>
  <testcase classname="test.RS_Sample" name="datatest" time="0.002"/>
  <testcase classname="test.RS_Sample" name="testB" time="0.002"/>
  <testcase classname="test.RS_Sample" name="testC" time="0.002"/>
  <testcase classname="test.RS_LoginPageTest" name="verifyLoginPageTitleTest" time="0.151"/>
  <testcase classname="test.RS_LoginPageTest" name="verifyUserAbletoLoginwithCorrectCredentialsTest" time="1.239"/>
  <testcase classname="test.RS_LoginPageTest" name="useParameterhere" time="0.016"/>
  <testcase classname="test.RS_Sample" name="testA" time="0.0">
    <ignored/>
  </testcase> <!-- testA -->
</testsuite> <!-- RegressionTest -->
