<?xml version="1.0" encoding="UTF-8"?>
<!-- Generated by org.testng.reporters.JUnitXMLReporter -->
<testsuite ignored="0" hostname="DESKTOP-GTM5910" failures="0" tests="3" name="Smoke Test" time="0.096" errors="0" timestamp="2024-01-19T19:56:42 IST">
  <testcase classname="test.RS_SampleforTest2" name="testA" time="0.011"/>
  <testcase classname="test.RS_SampleforTest2" name="testB" time="0.003"/>
  <testcase classname="test.RS_SampleforTest2" name="testC" time="0.002"/>
</testsuite> <!-- Smoke Test -->
