<?xml version="1.0" encoding="UTF-8"?>
<!-- Generated by org.testng.reporters.JUnitXMLReporter -->
<testsuite ignored="0" hostname="DESKTOP-GTM5910" failures="0" tests="5" name="Test" time="8.638" errors="0" timestamp="2024-01-17T19:49:26 IST">
  <testcase classname="test.RS_LoginPageTest" name="verifyLoginPageTitleTest" time="0.068"/>
  <testcase classname="test.RS_LoginPageTest" name="verifyUserAbletoLoginwithCorrectCredentialsTest" time="1.554"/>
  <testcase classname="test.RS_Sample" name="testA" time="0.002"/>
  <testcase classname="test.RS_Sample" name="testB" time="0.003"/>
  <testcase classname="test.RS_Sample" name="testC" time="0.003"/>
</testsuite> <!-- Test -->
