<?xml version="1.0" encoding="UTF-8"?>
<testng-results ignored="0" total="4" passed="4" failed="0" skipped="0">
  <reporter-output>
  </reporter-output>
  <suite started-at="2024-01-19T21:35:08 IST" name="Default suite" finished-at="2024-01-19T21:35:09 IST" duration-ms="951">
    <groups>
    </groups>
    <test started-at="2024-01-19T21:35:08 IST" name="Default test" finished-at="2024-01-19T21:35:09 IST" duration-ms="951">
      <class name="test.RS_Sample">
        <test-method is-config="true" signature="sampleClass()[pri:0, instance:test.RS_Sample@6025e1b6]" started-at="2024-01-19T21:35:08 IST" name="sampleClass" finished-at="2024-01-19T21:35:08 IST" duration-ms="12" status="PASS">
          <reporter-output>
          </reporter-output>
        </test-method> <!-- sampleClass -->
        <test-method is-config="true" signature="configsetup()[pri:0, instance:test.RS_Sample@6025e1b6]" started-at="2024-01-19T21:35:08 IST" name="configsetup" finished-at="2024-01-19T21:35:09 IST" duration-ms="268" status="PASS">
          <reporter-output>
          </reporter-output>
        </test-method> <!-- configsetup -->
        <test-method signature="datatest(java.lang.String,java.lang.String)[pri:0, instance:test.RS_Sample@6025e1b6]" started-at="2024-01-19T21:35:09 IST" name="datatest" data-provider="logindata" finished-at="2024-01-19T21:35:09 IST" duration-ms="16" status="PASS">
          <params>
            <param index="0">
              <value>
                <![CDATA[rashmi]]>
              </value>
            </param>
            <param index="1">
              <value>
                <![CDATA[rashu]]>
              </value>
            </param>
          </params>
          <reporter-output>
          </reporter-output>
        </test-method> <!-- datatest -->
        <test-method is-config="true" signature="close()[pri:0, instance:test.RS_Sample@6025e1b6]" started-at="2024-01-19T21:35:09 IST" name="close" finished-at="2024-01-19T21:35:09 IST" duration-ms="362" status="PASS">
          <reporter-output>
          </reporter-output>
        </test-method> <!-- close -->
        <test-method is-config="true" signature="configsetup()[pri:0, instance:test.RS_Sample@6025e1b6]" started-at="2024-01-19T21:35:09 IST" name="configsetup" finished-at="2024-01-19T21:35:09 IST" duration-ms="1" status="PASS">
          <reporter-output>
          </reporter-output>
        </test-method> <!-- configsetup -->
        <test-method signature="datatest(java.lang.String,java.lang.String)[pri:0, instance:test.RS_Sample@6025e1b6]" started-at="2024-01-19T21:35:09 IST" name="datatest" data-provider="logindata" finished-at="2024-01-19T21:35:09 IST" duration-ms="4" status="PASS">
          <params>
            <param index="0">
              <value>
                <![CDATA[shrity]]>
              </value>
            </param>
            <param index="1">
              <value>
                <![CDATA[aghfshgd]]>
              </value>
            </param>
          </params>
          <reporter-output>
          </reporter-output>
        </test-method> <!-- datatest -->
        <test-method is-config="true" signature="close()[pri:0, instance:test.RS_Sample@6025e1b6]" started-at="2024-01-19T21:35:09 IST" name="close" finished-at="2024-01-19T21:35:09 IST" duration-ms="84" status="PASS">
          <reporter-output>
          </reporter-output>
        </test-method> <!-- close -->
        <test-method signature="testB()[pri:0, instance:test.RS_Sample@6025e1b6]" started-at="2024-01-19T21:35:09 IST" name="testB" finished-at="2024-01-19T21:35:09 IST" duration-ms="2" status="PASS">
          <reporter-output>
          </reporter-output>
        </test-method> <!-- testB -->
        <test-method is-config="true" signature="configsetup()[pri:0, instance:test.RS_Sample@6025e1b6]" started-at="2024-01-19T21:35:09 IST" name="configsetup" finished-at="2024-01-19T21:35:09 IST" duration-ms="0" status="PASS">
          <reporter-output>
          </reporter-output>
        </test-method> <!-- configsetup -->
        <test-method is-config="true" signature="close()[pri:0, instance:test.RS_Sample@6025e1b6]" started-at="2024-01-19T21:35:09 IST" name="close" finished-at="2024-01-19T21:35:09 IST" duration-ms="89" status="PASS">
          <reporter-output>
          </reporter-output>
        </test-method> <!-- close -->
        <test-method is-config="true" signature="configsetup()[pri:0, instance:test.RS_Sample@6025e1b6]" started-at="2024-01-19T21:35:09 IST" name="configsetup" finished-at="2024-01-19T21:35:09 IST" duration-ms="1" status="PASS">
          <reporter-output>
          </reporter-output>
        </test-method> <!-- configsetup -->
        <test-method signature="testC()[pri:0, instance:test.RS_Sample@6025e1b6]" started-at="2024-01-19T21:35:09 IST" name="testC" finished-at="2024-01-19T21:35:09 IST" duration-ms="2" status="PASS">
          <reporter-output>
          </reporter-output>
        </test-method> <!-- testC -->
        <test-method is-config="true" signature="close()[pri:0, instance:test.RS_Sample@6025e1b6]" started-at="2024-01-19T21:35:09 IST" name="close" finished-at="2024-01-19T21:35:09 IST" duration-ms="56" status="PASS">
          <reporter-output>
          </reporter-output>
        </test-method> <!-- close -->
        <test-method is-config="true" signature="asampleClass()[pri:0, instance:test.RS_Sample@6025e1b6]" started-at="2024-01-19T21:35:09 IST" name="asampleClass" finished-at="2024-01-19T21:35:09 IST" duration-ms="1" status="PASS">
          <reporter-output>
          </reporter-output>
        </test-method> <!-- asampleClass -->
      </class> <!-- test.RS_Sample -->
    </test> <!-- Default test -->
  </suite> <!-- Default suite -->
</testng-results>
